# JRE version: Java(TM) SE Runtime Environment 18.9 (11.0.10+8) (build 11.0.10+8-LTS-162)
# Java VM: Java HotSpot(TM) 64-Bit Server VM 18.9 (11.0.10+8-LTS-162, mixed mode, tiered, compressed oops, g1 gc, windows-amd64)
Heap:
 garbage-first heap   total 326656K, used 15213K [0x0000000703000000, 0x0000000800000000)
  region size 1024K, 9 young (9216K), 9 survivors (9216K)
 Metaspace       used 35075K, capacity 35942K, committed 36048K, reserved 1081344K
  class space    used 4163K, capacity 4518K, committed 4604K, reserved 1048576K
GC Heap History (9 events):
Event: 0.570 GC heap before
{Heap before GC invocations=0 (full 0):
 garbage-first heap   total 260096K, used 24576K [0x0000000703000000, 0x0000000800000000)
  region size 1024K, 24 young (24576K), 0 survivors (0K)
 Metaspace       used 11402K, capacity 11622K, committed 11776K, reserved 1060864K
  class space    used 1095K, capacity 1176K, committed 1280K, reserved 1048576K
}
Event: 0.573 GC heap after
{Heap after GC invocations=1 (full 0):
 garbage-first heap   total 260096K, used 6782K [0x0000000703000000, 0x0000000800000000)
  region size 1024K, 3 young (3072K), 3 survivors (3072K)
 Metaspace       used 11402K, capacity 11622K, committed 11776K, reserved 1060864K
  class space    used 1095K, capacity 1176K, committed 1280K, reserved 1048576K
}
Event: 0.841 GC heap before
{Heap before GC invocations=1 (full 0):
 garbage-first heap   total 260096K, used 63102K [0x0000000703000000, 0x0000000800000000)
  region size 1024K, 59 young (60416K), 3 survivors (3072K)
 Metaspace       used 16732K, capacity 17050K, committed 17280K, reserved 1064960K
  class space    used 1735K, capacity 1865K, committed 1920K, reserved 1048576K
}
Event: 0.862 GC heap after
{Heap after GC invocations=2 (full 0):
 garbage-first heap   total 260096K, used 7916K [0x0000000703000000, 0x0000000800000000)
  region size 1024K, 5 young (5120K), 5 survivors (5120K)
 Metaspace       used 16732K, capacity 17050K, committed 17280K, reserved 1064960K
  class space    used 1735K, capacity 1865K, committed 1920K, reserved 1048576K
}
Event: 1.100 GC heap before
{Heap before GC invocations=2 (full 0):
 garbage-first heap   total 260096K, used 38636K [0x0000000703000000, 0x0000000800000000)
  region size 1024K, 36 young (36864K), 5 survivors (5120K)
 Metaspace       used 20791K, capacity 21185K, committed 21248K, reserved 1069056K
  class space    used 2381K, capacity 2542K, committed 2560K, reserved 1048576K
}
Event: 1.105 GC heap after
{Heap after GC invocations=3 (full 0):
 garbage-first heap   total 260096K, used 9150K [0x0000000703000000, 0x0000000800000000)
  region size 1024K, 6 young (6144K), 6 survivors (6144K)
 Metaspace       used 20791K, capacity 21185K, committed 21248K, reserved 1069056K
  class space    used 2381K, capacity 2542K, committed 2560K, reserved 1048576K
}
Event: 2.690 GC heap before
{Heap before GC invocations=4 (full 0):
 garbage-first heap   total 260096K, used 157630K [0x0000000703000000, 0x0000000800000000)
  region size 1024K, 152 young (155648K), 6 survivors (6144K)
 Metaspace       used 33705K, capacity 34545K, committed 34812K, reserved 1079296K
  class space    used 3979K, capacity 4319K, committed 4348K, reserved 1048576K
}
Event: 2.698 GC heap after
{Heap after GC invocations=5 (full 0):
 garbage-first heap   total 260096K, used 14339K [0x0000000703000000, 0x0000000800000000)
  region size 1024K, 11 young (11264K), 11 survivors (11264K)
 Metaspace       used 33705K, capacity 34545K, committed 34812K, reserved 1079296K
  class space    used 3979K, capacity 4319K, committed 4348K, reserved 1048576K
}
Event: 2.852 GC heap before
{Heap before GC invocations=5 (full 0):
 garbage-first heap   total 260096K, used 23555K [0x0000000703000000, 0x0000000800000000)
  region size 1024K, 21 young (21504K), 11 survivors (11264K)
 Metaspace       used 35075K, capacity 35942K, committed 36048K, reserved 1081344K
  class space    used 4163K, capacity 4518K, committed 4604K, reserved 1048576K
}

