# JRE version: Java(TM) SE Runtime Environment 18.9 (11.0.10+8) (build 11.0.10+8-LTS-162)
# Java VM: Java HotSpot(TM) 64-Bit Server VM 18.9 (11.0.10+8-LTS-162, mixed mode, tiered, compressed oops, g1 gc, windows-amd64)
Heap:
 garbage-first heap   total 260096K, used 105789K [0x0000000703000000, 0x0000000800000000)
  region size 1024K, 98 young (100352K), 12 survivors (12288K)
 Metaspace       used 56090K, capacity 57331K, committed 57600K, reserved 1099776K
  class space    used 6805K, capacity 7298K, committed 7424K, reserved 1048576K
GC Heap History (10 events):
Event: 1.036 GC heap before
{Heap before GC invocations=0 (full 0):
 garbage-first heap   total 260096K, used 24576K [0x0000000703000000, 0x0000000800000000)
  region size 1024K, 24 young (24576K), 0 survivors (0K)
 Metaspace       used 11244K, capacity 11537K, committed 11648K, reserved 1060864K
  class space    used 1066K, capacity 1144K, committed 1152K, reserved 1048576K
}
Event: 1.041 GC heap after
{Heap after GC invocations=1 (full 0):
 garbage-first heap   total 260096K, used 6927K [0x0000000703000000, 0x0000000800000000)
  region size 1024K, 3 young (3072K), 3 survivors (3072K)
 Metaspace       used 11244K, capacity 11537K, committed 11648K, reserved 1060864K
  class space    used 1066K, capacity 1144K, committed 1152K, reserved 1048576K
}
Event: 1.926 GC heap before
{Heap before GC invocations=1 (full 0):
 garbage-first heap   total 260096K, used 103183K [0x0000000703000000, 0x0000000800000000)
  region size 1024K, 99 young (101376K), 3 survivors (3072K)
 Metaspace       used 20723K, capacity 21166K, committed 21248K, reserved 1069056K
  class space    used 2357K, capacity 2506K, committed 2560K, reserved 1048576K
}
Event: 1.933 GC heap after
{Heap after GC invocations=2 (full 0):
 garbage-first heap   total 260096K, used 9237K [0x0000000703000000, 0x0000000800000000)
  region size 1024K, 6 young (6144K), 6 survivors (6144K)
 Metaspace       used 20723K, capacity 21166K, committed 21248K, reserved 1069056K
  class space    used 2357K, capacity 2506K, committed 2560K, reserved 1048576K
}
Event: 2.970 GC heap before
{Heap before GC invocations=3 (full 0):
 garbage-first heap   total 260096K, used 110613K [0x0000000703000000, 0x0000000800000000)
  region size 1024K, 106 young (108544K), 6 survivors (6144K)
 Metaspace       used 27942K, capacity 28541K, committed 28800K, reserved 1075200K
  class space    used 3196K, capacity 3434K, committed 3456K, reserved 1048576K
}
Event: 2.978 GC heap after
{Heap after GC invocations=4 (full 0):
 garbage-first heap   total 260096K, used 11911K [0x0000000703000000, 0x0000000800000000)
  region size 1024K, 8 young (8192K), 8 survivors (8192K)
 Metaspace       used 27942K, capacity 28541K, committed 28800K, reserved 1075200K
  class space    used 3196K, capacity 3434K, committed 3456K, reserved 1048576K
}
Event: 4.311 GC heap before
{Heap before GC invocations=4 (full 0):
 garbage-first heap   total 260096K, used 79495K [0x0000000703000000, 0x0000000800000000)
  region size 1024K, 75 young (76800K), 8 survivors (8192K)
 Metaspace       used 34932K, capacity 35760K, committed 35840K, reserved 1081344K
  class space    used 4078K, capacity 4404K, committed 4480K, reserved 1048576K
}
Event: 4.323 GC heap after
{Heap after GC invocations=5 (full 0):
 garbage-first heap   total 260096K, used 15021K [0x0000000703000000, 0x0000000800000000)
  region size 1024K, 11 young (11264K), 11 survivors (11264K)
 Metaspace       used 34932K, capacity 35760K, committed 35840K, reserved 1081344K
  class space    used 4078K, capacity 4404K, committed 4480K, reserved 1048576K
}
Event: 5.952 GC heap before
{Heap before GC invocations=6 (full 0):
 garbage-first heap   total 260096K, used 158381K [0x0000000703000000, 0x0000000800000000)
  region size 1024K, 152 young (155648K), 11 survivors (11264K)
 Metaspace       used 44877K, capacity 45896K, committed 46080K, reserved 1089536K
  class space    used 5213K, capacity 5606K, committed 5632K, reserved 1048576K
}
Event: 5.969 GC heap after
{Heap after GC invocations=7 (full 0):
 garbage-first heap   total 260096K, used 18749K [0x0000000703000000, 0x0000000800000000)
  region size 1024K, 12 young (12288K), 12 survivors (12288K)
 Metaspace       used 44877K, capacity 45896K, committed 46080K, reserved 1089536K
  class space    used 5213K, capacity 5606K, committed 5632K, reserved 1048576K
}

